  Source.cpp
C:\Users\purol\source\repos\LaBr_NaI_opencv_2\opencv\include\opencv2\calib3d.hpp(1,1): warning C4819: ファイルは、現在のコード ページ (932) で表示できない文字を含んでいます。データの損失を防ぐために、ファイルを Unicode 形式で保存してください。
C:\Users\purol\source\repos\LaBr_NaI_opencv_2\LaBr_NaI_opencv_2\Source.cpp(60,12): warning C4244: '引数': 'time_t' から 'unsigned int' への変換です。データが失われる可能性があります。
C:\Users\purol\source\repos\LaBr_NaI_opencv_2\LaBr_NaI_opencv_2\Source.cpp(80,29): warning C4474: 'scanf_s': 書式文字列に渡された引数の数が多すぎます
C:\Users\purol\source\repos\LaBr_NaI_opencv_2\LaBr_NaI_opencv_2\Source.cpp(80,29): message : プレースホルダーとそのパラメーターには 1 の可変個引数が必要ですが、2 が指定されています。
C:\Users\purol\source\repos\LaBr_NaI_opencv_2\LaBr_NaI_opencv_2\Source.cpp(99,77): warning C4244: '引数': 'double' から '_Tp' への変換です。データが失われる可能性があります。
          with
          [
              _Tp=int
          ]
C:\Users\purol\source\repos\LaBr_NaI_opencv_2\LaBr_NaI_opencv_2\Source.cpp(99,35): warning C4244: '引数': 'double' から '_Tp' への変換です。データが失われる可能性があります。
          with
          [
              _Tp=int
          ]
C:\Users\purol\source\repos\LaBr_NaI_opencv_2\LaBr_NaI_opencv_2\Source.cpp(99,152): warning C4244: '引数': 'double' から '_Tp' への変換です。データが失われる可能性があります。
          with
          [
              _Tp=int
          ]
C:\Users\purol\source\repos\LaBr_NaI_opencv_2\LaBr_NaI_opencv_2\Source.cpp(99,110): warning C4244: '引数': 'double' から '_Tp' への変換です。データが失われる可能性があります。
          with
          [
              _Tp=int
          ]
C:\Users\purol\source\repos\LaBr_NaI_opencv_2\LaBr_NaI_opencv_2\Source.cpp(100,92): warning C4244: '引数': 'double' から '_Tp' への変換です。データが失われる可能性があります。
          with
          [
              _Tp=int
          ]
C:\Users\purol\source\repos\LaBr_NaI_opencv_2\LaBr_NaI_opencv_2\Source.cpp(100,30): warning C4244: '引数': 'double' から '_Tp' への変換です。データが失われる可能性があります。
          with
          [
              _Tp=int
          ]
C:\Users\purol\source\repos\LaBr_NaI_opencv_2\LaBr_NaI_opencv_2\Source.cpp(100,230): warning C4244: '引数': 'double' から '_Tp' への変換です。データが失われる可能性があります。
          with
          [
              _Tp=int
          ]
C:\Users\purol\source\repos\LaBr_NaI_opencv_2\LaBr_NaI_opencv_2\Source.cpp(100,168): warning C4244: '引数': 'double' から '_Tp' への変換です。データが失われる可能性があります。
          with
          [
              _Tp=int
          ]
C:\Users\purol\source\repos\LaBr_NaI_opencv_2\LaBr_NaI_opencv_2\Source.cpp(101,90): warning C4244: '引数': 'double' から '_Tp' への変換です。データが失われる可能性があります。
          with
          [
              _Tp=int
          ]
C:\Users\purol\source\repos\LaBr_NaI_opencv_2\LaBr_NaI_opencv_2\Source.cpp(101,30): warning C4244: '引数': 'double' から '_Tp' への変換です。データが失われる可能性があります。
          with
          [
              _Tp=int
          ]
C:\Users\purol\source\repos\LaBr_NaI_opencv_2\LaBr_NaI_opencv_2\Source.cpp(101,224): warning C4244: '引数': 'double' から '_Tp' への変換です。データが失われる可能性があります。
          with
          [
              _Tp=int
          ]
C:\Users\purol\source\repos\LaBr_NaI_opencv_2\LaBr_NaI_opencv_2\Source.cpp(101,164): warning C4244: '引数': 'double' から '_Tp' への変換です。データが失われる可能性があります。
          with
          [
              _Tp=int
          ]
C:\Users\purol\source\repos\LaBr_NaI_opencv_2\LaBr_NaI_opencv_2\Source.cpp(102,92): warning C4244: '引数': 'double' から '_Tp' への変換です。データが失われる可能性があります。
          with
          [
              _Tp=int
          ]
C:\Users\purol\source\repos\LaBr_NaI_opencv_2\LaBr_NaI_opencv_2\Source.cpp(102,30): warning C4244: '引数': 'double' から '_Tp' への変換です。データが失われる可能性があります。
          with
          [
              _Tp=int
          ]
C:\Users\purol\source\repos\LaBr_NaI_opencv_2\LaBr_NaI_opencv_2\Source.cpp(102,228): warning C4244: '引数': 'double' から '_Tp' への変換です。データが失われる可能性があります。
          with
          [
              _Tp=int
          ]
C:\Users\purol\source\repos\LaBr_NaI_opencv_2\LaBr_NaI_opencv_2\Source.cpp(102,168): warning C4244: '引数': 'double' から '_Tp' への変換です。データが失われる可能性があります。
          with
          [
              _Tp=int
          ]
C:\Users\purol\source\repos\LaBr_NaI_opencv_2\LaBr_NaI_opencv_2\Source.cpp(103,92): warning C4244: '引数': 'double' から '_Tp' への変換です。データが失われる可能性があります。
          with
          [
              _Tp=int
          ]
C:\Users\purol\source\repos\LaBr_NaI_opencv_2\LaBr_NaI_opencv_2\Source.cpp(103,30): warning C4244: '引数': 'double' から '_Tp' への変換です。データが失われる可能性があります。
          with
          [
              _Tp=int
          ]
C:\Users\purol\source\repos\LaBr_NaI_opencv_2\LaBr_NaI_opencv_2\Source.cpp(103,228): warning C4244: '引数': 'double' から '_Tp' への変換です。データが失われる可能性があります。
          with
          [
              _Tp=int
          ]
C:\Users\purol\source\repos\LaBr_NaI_opencv_2\LaBr_NaI_opencv_2\Source.cpp(103,168): warning C4244: '引数': 'double' から '_Tp' への変換です。データが失われる可能性があります。
          with
          [
              _Tp=int
          ]
C:\Users\purol\source\repos\LaBr_NaI_opencv_2\LaBr_NaI_opencv_2\Source.cpp(493,105): warning C4244: '引数': 'double' から '_Tp' への変換です。データが失われる可能性があります。
          with
          [
              _Tp=int
          ]
C:\Users\purol\source\repos\LaBr_NaI_opencv_2\LaBr_NaI_opencv_2\Source.cpp(493,71): warning C4244: '引数': 'double' から '_Tp' への変換です。データが失われる可能性があります。
          with
          [
              _Tp=int
          ]
C:\Users\purol\source\repos\LaBr_NaI_opencv_2\LaBr_NaI_opencv_2\Source.cpp(494,133): warning C4244: '引数': 'double' から '_Tp' への変換です。データが失われる可能性があります。
          with
          [
              _Tp=int
          ]
C:\Users\purol\source\repos\LaBr_NaI_opencv_2\LaBr_NaI_opencv_2\Source.cpp(494,99): warning C4244: '引数': 'double' から '_Tp' への変換です。データが失われる可能性があります。
          with
          [
              _Tp=int
          ]
C:\Users\purol\source\repos\LaBr_NaI_opencv_2\LaBr_NaI_opencv_2\Source.cpp(496,102): warning C4244: '引数': 'double' から '_Tp' への変換です。データが失われる可能性があります。
          with
          [
              _Tp=int
          ]
C:\Users\purol\source\repos\LaBr_NaI_opencv_2\LaBr_NaI_opencv_2\Source.cpp(496,68): warning C4244: '引数': 'double' から '_Tp' への変換です。データが失われる可能性があります。
          with
          [
              _Tp=int
          ]
  コード生成しています。
  1 of 291 functions ( 0.3%) were compiled, the rest were copied from previous compilation.
    0 functions were new in current compilation
    1 functions had inline decision re-evaluated but remain unchanged
  コード生成が終了しました。
  LaBr_NaI_opencv_2.vcxproj -> C:\Users\purol\source\repos\LaBr_NaI_opencv_2\x64\Release\LaBr_NaI_opencv_2.exe
